<?xml version="1.0" encoding="UTF-8"?>
<!-- Generated by org.testng.reporters.JUnitReportReporter -->
<testsuite hostname="DESKTOP-F7MFODS" failures="0" tests="2" name="Selenium.FrameworkDesign.tests.errorValidation" time="22.678" errors="0" timestamp="2024-01-04T17:44:44 IST" skipped="0">
  <testcase classname="Selenium.FrameworkDesign.tests.errorValidation" name="ProductErrorValidation" time="14.028"/>
  <system-out/>
  <testcase classname="Selenium.FrameworkDesign.tests.errorValidation" name="LoginErrorValidation" time="8.650"/>
  <system-out/>
</testsuite> <!-- Selenium.FrameworkDesign.tests.errorValidation -->
